2019-08-30 08:45:59,980 - DEBUG - MainThread - meanshift - 各个类别的密度中心
2019-08-30 08:45:59,980 - DEBUG - MainThread - meanshift - {u'LTE.734474.51': [108.37721235247236, 22.825685274038648]}
2019-08-30 08:45:59,980 - DEBUG - MainThread - meanshift - 拟合结果，线性函数
2019-08-30 08:45:59,980 - DEBUG - MainThread - meanshift - {u'LTE.734474.51': poly1d([  0.06872882,  15.3770479 ])}
2019-08-30 08:45:59,980 - DEBUG - MainThread - meanshift - 直线的交点(s)
2019-08-30 08:45:59,980 - DEBUG - MainThread - meanshift - []
2019-08-30 08:45:59,980 - DEBUG - MainThread - meanshift - 交点的重心点
2019-08-30 08:45:59,980 - DEBUG - MainThread - meanshift - []
2019-08-30 08:45:59,980 - DEBUG - MainThread - meanshift - 各自的方位角
2019-08-30 08:45:59,982 - DEBUG - MainThread - meanshift - {}
2019-08-30 08:45:59,982 - DEBUG - MainThread - meanshift - 各自的距离
2019-08-30 08:45:59,982 - DEBUG - MainThread - meanshift - []
2019-08-30 08:48:54,499 - DEBUG - MainThread - meanshift - 各个类别的密度中心
2019-08-30 08:48:54,499 - DEBUG - MainThread - meanshift - {u'LTE.734474.51': [108.37721235247236, 22.825685274038648]}
2019-08-30 08:48:54,500 - DEBUG - MainThread - meanshift - 拟合结果，线性函数
2019-08-30 08:48:54,500 - DEBUG - MainThread - meanshift - {u'LTE.734474.51': poly1d([  0.06872882,  15.3770479 ])}
2019-08-30 08:48:54,500 - DEBUG - MainThread - meanshift - 直线的交点(s)
2019-08-30 08:48:54,500 - DEBUG - MainThread - meanshift - []
2019-08-30 08:48:54,500 - DEBUG - MainThread - meanshift - 交点的重心点
2019-08-30 08:48:54,500 - DEBUG - MainThread - meanshift - []
2019-08-30 08:48:54,500 - DEBUG - MainThread - meanshift - 各自的方位角
2019-08-30 08:48:54,500 - DEBUG - MainThread - meanshift - {}
2019-08-30 08:48:54,500 - DEBUG - MainThread - meanshift - 各自的距离
2019-08-30 08:48:54,500 - DEBUG - MainThread - meanshift - []
2019-08-30 08:49:29,730 - DEBUG - MainThread - meanshift - 各个类别的密度中心
2019-08-30 08:49:29,730 - DEBUG - MainThread - meanshift - {u'LTE.734474.51': [108.37721235247236, 22.825685274038648]}
2019-08-30 08:49:29,732 - DEBUG - MainThread - meanshift - 拟合结果，线性函数
2019-08-30 08:49:29,732 - DEBUG - MainThread - meanshift - {u'LTE.734474.51': poly1d([  0.06872882,  15.3770479 ])}
2019-08-30 08:49:29,732 - DEBUG - MainThread - meanshift - 直线的交点(s)
2019-08-30 08:49:29,732 - DEBUG - MainThread - meanshift - []
2019-08-30 08:49:29,732 - DEBUG - MainThread - meanshift - 交点的重心点
2019-08-30 08:49:29,732 - DEBUG - MainThread - meanshift - []
2019-08-30 08:49:29,732 - DEBUG - MainThread - meanshift - 各自的方位角
2019-08-30 08:49:29,732 - DEBUG - MainThread - meanshift - {}
2019-08-30 08:49:29,732 - DEBUG - MainThread - meanshift - 各自的距离
2019-08-30 08:49:29,732 - DEBUG - MainThread - meanshift - []
2019-08-30 08:49:55,509 - DEBUG - MainThread - meanshift - 各个类别的密度中心
2019-08-30 08:49:55,509 - DEBUG - MainThread - meanshift - {u'LTE.734474.51': [108.37721235247236, 22.825685274038648]}
2019-08-30 08:49:55,509 - DEBUG - MainThread - meanshift - 拟合结果，线性函数
2019-08-30 08:49:55,509 - DEBUG - MainThread - meanshift - {u'LTE.734474.51': poly1d([  0.06872882,  15.3770479 ])}
2019-08-30 08:49:55,510 - DEBUG - MainThread - meanshift - 直线的交点(s)
2019-08-30 08:49:55,510 - DEBUG - MainThread - meanshift - []
2019-08-30 08:49:55,510 - DEBUG - MainThread - meanshift - 交点的重心点
2019-08-30 08:49:55,510 - DEBUG - MainThread - meanshift - []
2019-08-30 08:49:55,510 - DEBUG - MainThread - meanshift - 各自的方位角
2019-08-30 08:49:55,510 - DEBUG - MainThread - meanshift - {}
2019-08-30 08:49:55,510 - DEBUG - MainThread - meanshift - 各自的距离
2019-08-30 08:49:55,510 - DEBUG - MainThread - meanshift - []
2019-08-30 08:50:19,680 - DEBUG - MainThread - meanshift - 各个类别的密度中心
2019-08-30 08:50:19,680 - DEBUG - MainThread - meanshift - {u'LTE.734474.51': [108.37721235247236, 22.825685274038648]}
2019-08-30 08:50:19,680 - DEBUG - MainThread - meanshift - 拟合结果，线性函数
2019-08-30 08:50:19,680 - DEBUG - MainThread - meanshift - {u'LTE.734474.51': poly1d([  0.06872882,  15.3770479 ])}
2019-08-30 08:50:19,680 - DEBUG - MainThread - meanshift - 直线的交点(s)
2019-08-30 08:50:19,680 - DEBUG - MainThread - meanshift - []
2019-08-30 08:50:19,680 - DEBUG - MainThread - meanshift - 交点的重心点
2019-08-30 08:50:19,680 - DEBUG - MainThread - meanshift - []
2019-08-30 08:50:19,680 - DEBUG - MainThread - meanshift - 各自的方位角
2019-08-30 08:50:19,680 - DEBUG - MainThread - meanshift - {}
2019-08-30 08:50:19,680 - DEBUG - MainThread - meanshift - 各自的距离
2019-08-30 08:50:19,680 - DEBUG - MainThread - meanshift - []
2019-08-30 08:51:22,703 - DEBUG - MainThread - meanshift - 各个类别的密度中心
2019-08-30 08:51:22,703 - DEBUG - MainThread - meanshift - {u'LTE.734474.51': [108.37721235247236, 22.825685274038648]}
2019-08-30 08:51:22,703 - DEBUG - MainThread - meanshift - 拟合结果，线性函数
2019-08-30 08:51:22,703 - DEBUG - MainThread - meanshift - {u'LTE.734474.51': poly1d([  0.06872882,  15.3770479 ])}
2019-08-30 08:51:22,703 - DEBUG - MainThread - meanshift - 直线的交点(s)
2019-08-30 08:51:22,703 - DEBUG - MainThread - meanshift - []
2019-08-30 08:51:22,703 - DEBUG - MainThread - meanshift - 交点的重心点
2019-08-30 08:51:22,703 - DEBUG - MainThread - meanshift - []
2019-08-30 08:51:22,703 - DEBUG - MainThread - meanshift - 各自的方位角
2019-08-30 08:51:22,703 - DEBUG - MainThread - meanshift - {}
2019-08-30 08:51:22,703 - DEBUG - MainThread - meanshift - 各自的距离
2019-08-30 08:51:22,703 - DEBUG - MainThread - meanshift - []
2019-08-30 08:52:01,336 - DEBUG - MainThread - meanshift - 各个类别的密度中心
2019-08-30 08:52:01,336 - DEBUG - MainThread - meanshift - {u'LTE.734474.51': [108.37721235247236, 22.825685274038648]}
2019-08-30 08:52:01,336 - DEBUG - MainThread - meanshift - 拟合结果，线性函数
2019-08-30 08:52:01,336 - DEBUG - MainThread - meanshift - {u'LTE.734474.51': poly1d([  0.06872882,  15.3770479 ])}
2019-08-30 08:52:01,336 - DEBUG - MainThread - meanshift - 直线的交点(s)
2019-08-30 08:52:01,336 - DEBUG - MainThread - meanshift - []
2019-08-30 08:52:01,336 - DEBUG - MainThread - meanshift - 交点的重心点
2019-08-30 08:52:01,336 - DEBUG - MainThread - meanshift - []
2019-08-30 08:52:01,336 - DEBUG - MainThread - meanshift - 各自的方位角
2019-08-30 08:52:01,336 - DEBUG - MainThread - meanshift - {}
2019-08-30 08:52:01,336 - DEBUG - MainThread - meanshift - 各自的距离
2019-08-30 08:52:01,336 - DEBUG - MainThread - meanshift - []
2019-08-30 08:53:43,858 - DEBUG - MainThread - meanshift - 各个类别的密度中心
2019-08-30 08:53:43,858 - DEBUG - MainThread - meanshift - {u'LTE.734474.51': [108.37721235247236, 22.825685274038648]}
2019-08-30 08:53:43,858 - DEBUG - MainThread - meanshift - 拟合结果，线性函数
2019-08-30 08:53:43,858 - DEBUG - MainThread - meanshift - {u'LTE.734474.51': poly1d([  0.06872882,  15.3770479 ])}
2019-08-30 08:53:43,858 - DEBUG - MainThread - meanshift - 直线的交点(s)
2019-08-30 08:53:43,858 - DEBUG - MainThread - meanshift - []
2019-08-30 08:53:43,858 - DEBUG - MainThread - meanshift - 交点的重心点
2019-08-30 08:53:43,858 - DEBUG - MainThread - meanshift - []
2019-08-30 08:53:43,858 - DEBUG - MainThread - meanshift - 各自的方位角
2019-08-30 08:53:43,858 - DEBUG - MainThread - meanshift - {}
2019-08-30 08:53:43,858 - DEBUG - MainThread - meanshift - 各自的距离
2019-08-30 08:53:43,858 - DEBUG - MainThread - meanshift - []
2019-08-30 08:54:19,282 - DEBUG - MainThread - meanshift - 各个类别的密度中心
2019-08-30 08:54:19,282 - DEBUG - MainThread - meanshift - {u'LTE.734474.51': [108.37721235247236, 22.825685274038648]}
2019-08-30 08:54:19,282 - DEBUG - MainThread - meanshift - 拟合结果，线性函数
2019-08-30 08:54:19,282 - DEBUG - MainThread - meanshift - {u'LTE.734474.51': poly1d([  0.06872882,  15.3770479 ])}
2019-08-30 08:54:19,282 - DEBUG - MainThread - meanshift - 直线的交点(s)
2019-08-30 08:54:19,282 - DEBUG - MainThread - meanshift - []
2019-08-30 08:54:19,282 - DEBUG - MainThread - meanshift - 交点的重心点
2019-08-30 08:54:19,282 - DEBUG - MainThread - meanshift - []
2019-08-30 08:54:19,283 - DEBUG - MainThread - meanshift - 各自的方位角
2019-08-30 08:54:19,283 - DEBUG - MainThread - meanshift - {}
2019-08-30 08:54:19,283 - DEBUG - MainThread - meanshift - 各自的距离
2019-08-30 08:54:19,283 - DEBUG - MainThread - meanshift - []
2019-08-30 08:57:31,056 - DEBUG - MainThread - meanshift - 各个类别的密度中心
2019-08-30 08:57:31,058 - DEBUG - MainThread - meanshift - {u'LTE.734474.51': [108.37721235247236, 22.825685274038648]}
2019-08-30 08:57:31,058 - DEBUG - MainThread - meanshift - 拟合结果，线性函数
2019-08-30 08:57:31,058 - DEBUG - MainThread - meanshift - {u'LTE.734474.51': poly1d([  0.06872882,  15.3770479 ])}
2019-08-30 08:57:31,058 - DEBUG - MainThread - meanshift - 直线的交点(s)
2019-08-30 08:57:31,058 - DEBUG - MainThread - meanshift - []
2019-08-30 08:57:31,058 - DEBUG - MainThread - meanshift - 交点的重心点
2019-08-30 08:57:31,058 - DEBUG - MainThread - meanshift - []
2019-08-30 08:57:31,058 - DEBUG - MainThread - meanshift - 各自的方位角
2019-08-30 08:57:31,058 - DEBUG - MainThread - meanshift - {}
2019-08-30 08:57:31,058 - DEBUG - MainThread - meanshift - 各自的距离
2019-08-30 08:57:31,058 - DEBUG - MainThread - meanshift - []
2019-08-30 09:01:09,289 - DEBUG - MainThread - meanshift - 各个类别的密度中心
2019-08-30 09:01:09,289 - DEBUG - MainThread - meanshift - {u'LTE.734474.51': [108.3766, 22.8256]}
2019-08-30 09:01:09,289 - DEBUG - MainThread - meanshift - 拟合结果，线性函数
2019-08-30 09:01:09,289 - DEBUG - MainThread - meanshift - {u'LTE.734474.51': poly1d([  0.10530687,  11.4128    ])}
2019-08-30 09:01:09,289 - DEBUG - MainThread - meanshift - 直线的交点(s)
2019-08-30 09:01:09,289 - DEBUG - MainThread - meanshift - []
2019-08-30 09:01:09,289 - DEBUG - MainThread - meanshift - 交点的重心点
2019-08-30 09:01:09,289 - DEBUG - MainThread - meanshift - []
2019-08-30 09:01:09,289 - DEBUG - MainThread - meanshift - 各自的方位角
2019-08-30 09:01:09,289 - DEBUG - MainThread - meanshift - {}
2019-08-30 09:01:09,289 - DEBUG - MainThread - meanshift - 各自的距离
2019-08-30 09:01:09,289 - DEBUG - MainThread - meanshift - []
2019-08-30 09:02:00,160 - DEBUG - MainThread - meanshift - 各个类别的密度中心
2019-08-30 09:02:00,160 - DEBUG - MainThread - meanshift - {u'LTE.734474.51': [108.37721235247236, 22.825685274038648]}
2019-08-30 09:02:00,160 - DEBUG - MainThread - meanshift - 拟合结果，线性函数
2019-08-30 09:02:00,160 - DEBUG - MainThread - meanshift - {u'LTE.734474.51': poly1d([  0.06872882,  15.3770479 ])}
2019-08-30 09:02:00,160 - DEBUG - MainThread - meanshift - 直线的交点(s)
2019-08-30 09:02:00,160 - DEBUG - MainThread - meanshift - []
2019-08-30 09:02:00,160 - DEBUG - MainThread - meanshift - 交点的重心点
2019-08-30 09:02:00,160 - DEBUG - MainThread - meanshift - []
2019-08-30 09:02:00,160 - DEBUG - MainThread - meanshift - 各自的方位角
2019-08-30 09:02:00,160 - DEBUG - MainThread - meanshift - {}
2019-08-30 09:02:00,160 - DEBUG - MainThread - meanshift - 各自的距离
2019-08-30 09:02:00,160 - DEBUG - MainThread - meanshift - []
2019-08-30 09:03:04,413 - DEBUG - MainThread - meanshift - 各个类别的密度中心
2019-08-30 09:03:04,413 - DEBUG - MainThread - meanshift - {u'LTE.734474.51': [108.37721235247236, 22.825685274038648]}
2019-08-30 09:03:04,413 - DEBUG - MainThread - meanshift - 拟合结果，线性函数
2019-08-30 09:03:04,413 - DEBUG - MainThread - meanshift - {u'LTE.734474.51': poly1d([  0.06872882,  15.3770479 ])}
2019-08-30 09:03:04,413 - DEBUG - MainThread - meanshift - 直线的交点(s)
2019-08-30 09:03:04,413 - DEBUG - MainThread - meanshift - []
2019-08-30 09:03:04,413 - DEBUG - MainThread - meanshift - 交点的重心点
2019-08-30 09:03:04,413 - DEBUG - MainThread - meanshift - []
2019-08-30 09:03:04,413 - DEBUG - MainThread - meanshift - 各自的方位角
2019-08-30 09:03:04,414 - DEBUG - MainThread - meanshift - {}
2019-08-30 09:03:04,414 - DEBUG - MainThread - meanshift - 各自的距离
2019-08-30 09:03:04,414 - DEBUG - MainThread - meanshift - []
2019-08-30 09:04:14,983 - DEBUG - MainThread - meanshift - 各个类别的密度中心
2019-08-30 09:04:14,983 - DEBUG - MainThread - meanshift - {u'LTE.734474.49': [108.37928243386, 22.826562382183123], u'LTE.734474.50': [108.37971858151217, 22.824685640896487], u'LTE.734474.51': [108.37721235247236, 22.825685274038648]}
2019-08-30 09:04:14,983 - DEBUG - MainThread - meanshift - 拟合结果，线性函数
2019-08-30 09:04:14,983 - DEBUG - MainThread - meanshift - {u'LTE.734474.49': poly1d([ -0.28119758,  53.30255488]), u'LTE.734474.50': poly1d([ 0.12472327,  9.30721292]), u'LTE.734474.51': poly1d([  0.06872882,  15.3770479 ])}
2019-08-30 09:04:14,983 - DEBUG - MainThread - meanshift - 直线的交点(s)
2019-08-30 09:04:14,983 - DEBUG - MainThread - meanshift - [[108.38138236086614, 22.825971934251612], [108.40064794958377, 22.827296035343824], [108.38403993830498, 22.825224629894684]]
2019-08-30 09:04:14,983 - DEBUG - MainThread - meanshift - 交点的重心点
2019-08-30 09:04:14,983 - DEBUG - MainThread - meanshift - [108.38869059623264, 22.826164307902168]
2019-08-30 09:04:14,983 - DEBUG - MainThread - meanshift - 各自的方位角
2019-08-30 09:04:14,983 - DEBUG - MainThread - meanshift - {u'LTE.734474.49': 272.42283021011735, u'LTE.734474.50': 260.64127967822935, u'LTE.734474.51': 267.6102005728492}
2019-08-30 09:04:14,983 - DEBUG - MainThread - meanshift - 各自的距离
2019-08-30 09:04:14,983 - DEBUG - MainThread - meanshift - [0.9881472245990354, 0.9881472245990354, 0.9881472245990354, 0.9881472245990354, 0.9881472245990354, 0.9881472245990354, 0.9881472245990354, 0.9881472245990354, 0.9881472245990354, 0.9881472245990354, 0.9881472245990354, 0.9881472245990354, 0.9881472245990354, 0.9881472245990354, 0.9881472245990354, 0.9881472245990354, 0.9881472245990354, 0.9881472245990354, 0.9881472245990354, 0.9881472245990354, 0.9881472245990354, 0.9881472245990354, 0.9881472245990354, 0.9881472245990354, 0.9881472245990354, 0.9881472245990354, 0.9881472245990354, 0.9881472245990354, 0.9881472245990354, 0.9881472245990354, 0.9881472245990354, 0.9881472245990354, 0.9881472245990354, 0.9881472245990354, 0.9881472245990354, 0.9881472245990354, 0.9881472245990354, 0.9881472245990354, 0.9881472245990354, 0.9881472245990354, 0.9881472245990354, 0.9881472245990354, 0.9881472245990354, 0.9881472245990354, 0.9881472245990354, 0.9881472245990354, 0.9881472245990354, 0.9881472245990354, 0.9881472245990354, 0.9881472245990354, 0.9881472245990354, 0.9881472245990354, 0.9881472245990354, 0.9881472245990354, 0.9881472245990354, 0.9881472245990354, 0.9881472245990354, 0.9881472245990354, 0.9881472245990354, 0.9881472245990354, 0.9881472245990354, 0.9881472245990354, 0.9881472245990354, 0.9881472245990354, 0.9881472245990354, 0.9881472245990354, 0.9881472245990354, 0.9881472245990354, 0.9881472245990354, 0.9881472245990354, 0.9881472245990354, 0.9881472245990354, 0.9881472245990354, 0.9881472245990354, 0.9881472245990354, 0.9881472245990354, 0.9881472245990354, 0.9881472245990354, 0.9881472245990354, 0.9881472245990354, 0.9881472245990354, 0.9881472245990354, 0.9881472245990354, 0.9881472245990354, 0.9881472245990354, 0.9881472245990354, 0.9881472245990354, 0.9881472245990354, 0.9881472245990354, 0.9881472245990354, 0.9881472245990354, 0.9881472245990354, 0.9881472245990354, 0.9881472245990354, 0.9881472245990354, 0.9881472245990354, 0.9881472245990354, 0.9881472245990354, 0.9881472245990354, 0.9881472245990354, 0.9881472245990354, 0.9881472245990354, 0.9881472245990354, 0.9881472245990354, 0.9881472245990354, 0.9881472245990354, 0.9881472245990354, 0.9881472245990354, 0.9881472245990354, 0.9881472245990354, 0.9881472245990354, 0.9881472245990354, 0.9881472245990354, 0.9881472245990354, 0.9881472245990354, 0.9881472245990354, 0.9881472245990354, 0.9881472245990354, 0.9881472245990354, 0.9881472245990354, 0.9881472245990354, 0.9881472245990354, 0.9881472245990354, 0.9881472245990354, 0.9881472245990354, 0.9881472245990354, 0.9881472245990354, 0.9881472245990354, 0.9881472245990354, 0.9881472245990354, 0.9881472245990354, 0.9881472245990354, 0.9881472245990354, 0.9881472245990354, 0.9881472245990354, 0.9881472245990354, 0.9881472245990354, 0.9881472245990354, 0.9881472245990354, 0.9881472245990354, 0.9881472245990354, 0.9881472245990354, 0.9881472245990354, 0.9881472245990354, 0.9881472245990354, 0.9881472245990354, 0.9881472245990354, 0.9881472245990354, 0.9881472245990354, 0.9881472245990354, 0.9881472245990354, 0.9881472245990354, 0.9881472245990354, 0.9881472245990354, 0.9881472245990354, 0.9881472245990354, 0.9881472245990354, 0.9881472245990354, 0.9881472245990354, 0.9881472245990354, 0.9881472245990354, 0.9881472245990354, 0.9881472245990354, 0.9881472245990354, 0.9881472245990354, 0.9881472245990354, 0.9881472245990354, 0.9881472245990354, 0.9881472245990354, 0.9881472245990354, 0.9881472245990354, 0.9881472245990354, 0.9881472245990354, 0.9881472245990354, 0.9881472245990354, 0.9881472245990354, 0.9881472245990354, 0.9881472245990354, 0.9881472245990354, 0.9881472245990354, 0.9881472245990354, 0.9881472245990354, 0.9881472245990354, 0.9881472245990354, 0.9881472245990354, 0.9881472245990354, 0.9881472245990354, 0.9881472245990354, 0.9881472245990354, 0.9881472245990354, 0.9881472245990354, 0.9881472245990354, 0.9881472245990354, 0.9881472245990354, 0.9881472245990354, 0.9881472245990354, 0.9881472245990354, 0.9881472245990354, 0.9881472245990354, 0.9881472245990354, 0.9881472245990354, 0.9881472245990354, 0.9881472245990354, 0.9881472245990354, 0.9881472245990354, 0.9881472245990354, 0.9881472245990354, 0.9881472245990354, 0.9881472245990354, 0.9881472245990354, 0.9881472245990354, 0.9881472245990354, 0.9881472245990354, 0.9881472245990354, 0.9881472245990354, 0.9881472245990354, 0.9881472245990354, 0.9881472245990354, 0.9881472245990354, 0.9881472245990354, 0.9881472245990354, 0.9881472245990354, 0.9881472245990354, 0.9881472245990354, 0.9881472245990354, 0.9881472245990354, 0.9881472245990354, 0.9881472245990354, 0.9881472245990354, 0.9881472245990354, 0.9881472245990354, 0.9881472245990354, 0.9881472245990354, 0.9881472245990354, 0.9881472245990354, 0.9881472245990354, 0.9881472245990354, 0.9881472245990354, 0.9881472245990354, 0.9881472245990354, 0.9881472245990354, 0.9881472245990354, 0.9881472245990354, 0.9881472245990354, 0.9881472245990354, 0.9881472245990354, 0.9881472245990354, 0.9881472245990354, 0.9881472245990354, 0.9881472245990354, 0.9881472245990354, 0.9881472245990354, 0.9881472245990354, 0.9881472245990354, 0.9881472245990354, 0.9881472245990354, 0.9881472245990354, 0.9881472245990354, 0.9881472245990354, 0.9881472245990354, 0.9881472245990354, 0.9881472245990354, 0.9881472245990354, 0.9881472245990354, 0.9881472245990354, 0.9881472245990354, 0.9881472245990354, 0.9881472245990354, 0.9881472245990354, 0.9881472245990354, 0.9881472245990354, 0.9881472245990354, 0.9881472245990354, 0.9881472245990354, 0.9881472245990354, 0.9881472245990354, 0.9881472245990354, 0.9881472245990354, 0.9881472245990354, 0.9881472245990354, 0.9881472245990354, 0.9881472245990354, 0.9881472245990354, 0.9881472245990354, 0.9881472245990354, 0.9881472245990354, 0.9881472245990354, 0.9881472245990354, 0.9881472245990354, 0.9881472245990354, 0.9881472245990354, 0.9881472245990354, 0.9881472245990354, 0.9881472245990354, 0.9881472245990354, 0.9881472245990354, 0.9881472245990354, 0.9881472245990354, 0.9881472245990354, 0.9881472245990354, 0.9881472245990354, 0.9881472245990354, 0.9881472245990354, 0.9881472245990354, 0.9881472245990354, 0.9881472245990354, 0.9881472245990354, 0.9881472245990354, 0.9881472245990354, 0.9881472245990354, 0.9881472245990354, 0.9881472245990354, 0.9881472245990354, 0.9881472245990354, 0.9881472245990354, 0.9881472245990354, 0.9881472245990354, 0.9881472245990354, 0.9881472245990354, 0.9881472245990354, 0.9881472245990354, 0.9881472245990354, 0.9881472245990354, 0.9881472245990354, 0.9881472245990354, 0.9881472245990354, 0.9881472245990354, 0.9881472245990354, 0.9881472245990354, 0.9881472245990354, 0.9881472245990354, 0.9881472245990354, 0.9881472245990354, 0.9881472245990354, 0.9881472245990354, 0.9881472245990354, 0.9881472245990354, 0.9881472245990354, 0.9881472245990354, 0.9881472245990354, 0.9881472245990354, 0.9881472245990354, 0.9881472245990354, 0.9881472245990354, 0.9881472245990354, 0.9881472245990354, 0.9881472245990354, 0.9881472245990354, 0.9881472245990354, 0.9881472245990354, 0.9881472245990354, 0.9881472245990354, 0.9881472245990354, 0.9881472245990354, 0.9881472245990354, 0.9881472245990354, 0.9881472245990354, 0.9881472245990354, 0.9881472245990354, 0.9881472245990354, 0.9881472245990354, 0.9881472245990354, 0.9881472245990354, 0.9881472245990354, 0.9881472245990354, 0.9881472245990354, 0.9881472245990354, 0.9881472245990354, 0.9881472245990354, 0.9881472245990354, 0.9881472245990354, 0.9881472245990354, 0.9881472245990354, 0.9881472245990354, 0.9881472245990354, 0.9881472245990354, 0.9881472245990354, 0.9881472245990354, 0.9881472245990354, 0.9881472245990354, 0.9881472245990354, 0.9881472245990354, 0.9881472245990354, 0.9881472245990354, 0.9881472245990354, 0.9881472245990354, 0.9881472245990354, 0.9881472245990354, 0.9881472245990354, 0.9881472245990354, 0.9881472245990354, 0.9881472245990354, 0.9881472245990354, 0.9881472245990354, 0.9881472245990354, 0.9881472245990354, 0.9881472245990354, 0.9881472245990354, 0.9881472245990354, 0.9881472245990354, 0.9881472245990354, 0.9881472245990354, 0.9881472245990354, 0.9881472245990354, 0.9881472245990354, 0.9881472245990354, 0.9881472245990354, 0.9881472245990354, 0.9881472245990354, 0.9881472245990354, 0.9881472245990354, 0.9881472245990354, 0.9881472245990354, 0.9881472245990354, 0.9881472245990354, 0.9881472245990354, 0.9881472245990354, 0.9881472245990354, 0.9881472245990354, 0.9881472245990354, 0.9881472245990354, 0.9881472245990354, 0.9881472245990354, 0.9881472245990354, 0.9881472245990354, 0.9881472245990354, 0.9881472245990354, 0.9881472245990354, 0.9881472245990354, 0.9881472245990354, 0.9881472245990354, 0.9881472245990354, 0.9881472245990354, 0.9881472245990354, 0.9881472245990354, 0.9881472245990354, 0.9881472245990354, 0.9881472245990354, 0.9881472245990354, 0.9881472245990354, 0.9881472245990354, 0.9881472245990354, 0.9881472245990354, 0.9881472245990354, 0.9881472245990354, 0.9881472245990354, 0.9881472245990354, 0.9881472245990354, 0.9881472245990354, 0.9881472245990354, 0.9881472245990354, 0.9881472245990354, 0.9881472245990354, 0.9881472245990354, 0.9881472245990354, 0.9881472245990354, 0.9881472245990354, 0.9881472245990354, 0.9881472245990354, 0.9881472245990354, 0.9881472245990354, 0.9881472245990354, 0.9881472245990354, 0.9881472245990354, 0.9881472245990354, 0.9881472245990354, 0.9881472245990354, 0.9881472245990354, 0.9881472245990354, 0.9881472245990354, 0.9881472245990354, 0.9881472245990354, 0.9881472245990354, 0.9881472245990354, 0.9881472245990354, 0.9881472245990354, 0.9881472245990354, 0.9881472245990354, 0.9881472245990354, 0.9881472245990354, 0.9881472245990354, 0.9881472245990354, 0.9881472245990354, 0.9881472245990354, 0.9881472245990354, 0.9881472245990354, 0.9881472245990354, 0.9881472245990354, 0.9881472245990354, 0.9881472245990354, 0.9881472245990354, 0.9881472245990354, 0.9881472245990354, 0.9881472245990354, 0.9881472245990354, 0.9881472245990354, 0.9881472245990354, 0.9881472245990354, 0.9881472245990354, 0.9881472245990354, 0.9881472245990354, 0.9881472245990354, 0.9881472245990354, 0.9881472245990354, 0.9881472245990354, 0.9881472245990354, 0.9881472245990354, 0.9881472245990354, 0.9881472245990354, 0.9881472245990354, 0.9881472245990354, 0.9881472245990354, 0.9881472245990354, 0.9881472245990354, 0.9881472245990354, 0.9881472245990354, 0.9881472245990354, 0.9881472245990354, 0.9881472245990354, 0.9881472245990354, 0.9881472245990354, 0.9881472245990354, 0.9881472245990354, 0.9881472245990354, 0.9881472245990354, 0.9881472245990354, 0.9881472245990354, 0.9881472245990354, 0.9881472245990354, 0.9881472245990354, 0.9881472245990354, 0.9881472245990354, 0.9881472245990354, 0.9881472245990354, 0.9881472245990354, 0.9881472245990354, 0.9881472245990354, 0.9881472245990354, 0.9881472245990354, 0.9881472245990354, 0.9881472245990354, 0.9881472245990354, 0.9881472245990354, 0.9881472245990354, 0.9881472245990354, 0.9881472245990354, 0.9881472245990354, 0.9881472245990354, 0.9881472245990354, 0.9881472245990354, 0.9881472245990354, 0.9881472245990354, 0.9881472245990354, 0.9881472245990354, 0.9881472245990354, 0.9881472245990354, 0.9881472245990354, 0.9881472245990354, 0.9881472245990354, 0.9881472245990354, 0.9881472245990354, 0.9881472245990354, 0.9881472245990354, 0.9881472245990354, 0.9881472245990354, 0.9881472245990354, 0.9881472245990354, 0.9881472245990354, 0.9881472245990354, 0.9881472245990354, 0.9881472245990354, 0.9881472245990354, 0.9881472245990354, 0.9881472245990354, 0.9881472245990354, 0.9881472245990354, 0.9881472245990354, 0.9881472245990354, 0.9881472245990354, 0.9881472245990354, 0.9881472245990354, 0.9881472245990354, 0.9881472245990354, 0.9881472245990354, 0.9881472245990354, 0.9881472245990354, 0.9881472245990354, 0.9881472245990354, 0.9881472245990354, 0.9881472245990354, 0.9881472245990354, 0.9881472245990354, 0.9881472245990354, 0.9881472245990354, 0.9881472245990354, 0.9881472245990354, 0.9881472245990354, 0.9881472245990354, 0.9881472245990354, 0.9881472245990354, 0.9881472245990354, 0.9881472245990354, 0.9881472245990354, 0.9881472245990354, 0.9881472245990354, 0.9881472245990354, 0.9881472245990354, 0.9881472245990354, 0.9881472245990354, 0.9881472245990354, 0.9881472245990354, 0.9881472245990354, 0.9881472245990354, 0.9881472245990354, 0.9881472245990354, 0.9881472245990354, 0.9881472245990354, 0.9881472245990354, 0.9881472245990354, 0.9881472245990354, 0.9881472245990354, 0.9881472245990354, 0.9881472245990354, 0.9881472245990354, 0.9881472245990354, 0.9881472245990354, 0.9881472245990354, 0.9881472245990354, 0.9881472245990354, 0.9881472245990354, 0.9881472245990354, 0.9881472245990354, 0.9881472245990354, 0.9881472245990354, 0.9881472245990354, 0.9881472245990354, 0.9881472245990354, 0.9881472245990354, 0.9881472245990354, 0.9881472245990354]
2019-08-30 09:11:07,519 - DEBUG - MainThread - meanshift - 各个类别的密度中心
2019-08-30 09:11:07,519 - DEBUG - MainThread - meanshift - {u'LTE.734474.49': [108.37972161660849, 22.826070348742753]}
2019-08-30 09:11:07,519 - DEBUG - MainThread - meanshift - 拟合结果，线性函数
2019-08-30 09:11:07,519 - DEBUG - MainThread - meanshift - {u'LTE.734474.49': poly1d([ -0.20283324,  44.80908007])}
2019-08-30 09:11:07,519 - DEBUG - MainThread - meanshift - 直线的交点(s)
2019-08-30 09:11:07,519 - DEBUG - MainThread - meanshift - []
2019-08-30 09:11:07,519 - DEBUG - MainThread - meanshift - 交点的重心点
2019-08-30 09:11:07,519 - DEBUG - MainThread - meanshift - []
2019-08-30 09:11:07,520 - DEBUG - MainThread - meanshift - 各自的方位角
2019-08-30 09:11:07,520 - DEBUG - MainThread - meanshift - {}
2019-08-30 09:11:07,520 - DEBUG - MainThread - meanshift - 各自的距离
2019-08-30 09:11:07,520 - DEBUG - MainThread - meanshift - []
2019-08-30 09:13:31,392 - DEBUG - MainThread - meanshift - 各个类别的密度中心
2019-08-30 09:13:31,392 - DEBUG - MainThread - meanshift - {u'LTE.734474.49': [108.37928243386, 22.826562382183123], u'LTE.734474.50': [108.37971858151217, 22.824685640896487]}
2019-08-30 09:13:31,392 - DEBUG - MainThread - meanshift - 拟合结果，线性函数
2019-08-30 09:13:31,392 - DEBUG - MainThread - meanshift - {u'LTE.734474.49': poly1d([ -0.28119758,  53.30255488]), u'LTE.734474.50': poly1d([ 0.12472327,  9.30721292])}
2019-08-30 09:13:31,392 - DEBUG - MainThread - meanshift - 直线的交点(s)
2019-08-30 09:13:31,392 - DEBUG - MainThread - meanshift - []
2019-08-30 09:13:31,392 - DEBUG - MainThread - meanshift - 交点的重心点
2019-08-30 09:13:31,392 - DEBUG - MainThread - meanshift - []
2019-08-30 09:13:31,392 - DEBUG - MainThread - meanshift - 各自的方位角
2019-08-30 09:13:31,392 - DEBUG - MainThread - meanshift - {}
2019-08-30 09:13:31,392 - DEBUG - MainThread - meanshift - 各自的距离
2019-08-30 09:13:31,392 - DEBUG - MainThread - meanshift - []
2019-08-30 09:14:17,036 - DEBUG - MainThread - meanshift - 各个类别的密度中心
2019-08-30 09:14:17,036 - DEBUG - MainThread - meanshift - {u'LTE.734474.49': [108.37928243386, 22.826562382183123], u'LTE.734474.50': [108.37971858151217, 22.824685640896487]}
2019-08-30 09:14:17,036 - DEBUG - MainThread - meanshift - 拟合结果，线性函数
2019-08-30 09:14:17,036 - DEBUG - MainThread - meanshift - {u'LTE.734474.49': poly1d([ -0.28119758,  53.30255488]), u'LTE.734474.50': poly1d([ 0.12472327,  9.30721292])}
2019-08-30 09:14:17,036 - DEBUG - MainThread - meanshift - 直线的交点(s)
2019-08-30 09:14:17,036 - DEBUG - MainThread - meanshift - []
2019-08-30 09:14:17,036 - DEBUG - MainThread - meanshift - 交点的重心点
2019-08-30 09:14:17,038 - DEBUG - MainThread - meanshift - []
2019-08-30 09:14:17,038 - DEBUG - MainThread - meanshift - 各自的方位角
2019-08-30 09:14:17,038 - DEBUG - MainThread - meanshift - {}
2019-08-30 09:14:17,038 - DEBUG - MainThread - meanshift - 各自的距离
2019-08-30 09:14:17,038 - DEBUG - MainThread - meanshift - []
2019-08-30 09:15:54,441 - DEBUG - MainThread - meanshift - 各个类别的密度中心
2019-08-30 09:15:54,443 - DEBUG - MainThread - meanshift - {u'LTE.734474.49': [108.37928243386, 22.826562382183123], u'LTE.734474.51': [108.37708247592116, 22.825693963285193]}
2019-08-30 09:15:54,443 - DEBUG - MainThread - meanshift - 拟合结果，线性函数
2019-08-30 09:15:54,443 - DEBUG - MainThread - meanshift - {u'LTE.734474.49': poly1d([ -0.28119758,  53.30255488]), u'LTE.734474.51': poly1d([  0.0694239 ,  15.30173414])}
2019-08-30 09:15:54,443 - DEBUG - MainThread - meanshift - 直线的交点(s)
2019-08-30 09:15:54,443 - DEBUG - MainThread - meanshift - []
2019-08-30 09:15:54,443 - DEBUG - MainThread - meanshift - 交点的重心点
2019-08-30 09:15:54,443 - DEBUG - MainThread - meanshift - []
2019-08-30 09:15:54,443 - DEBUG - MainThread - meanshift - 各自的方位角
2019-08-30 09:15:54,443 - DEBUG - MainThread - meanshift - {}
2019-08-30 09:15:54,443 - DEBUG - MainThread - meanshift - 各自的距离
2019-08-30 09:15:54,443 - DEBUG - MainThread - meanshift - []
2019-08-30 09:16:49,747 - DEBUG - MainThread - meanshift - 各个类别的密度中心
2019-08-30 09:16:49,747 - DEBUG - MainThread - meanshift - {u'LTE.734474.49': [108.37928243386, 22.826562382183123], u'LTE.734474.51': [108.37708247592116, 22.825693963285193]}
2019-08-30 09:16:49,747 - DEBUG - MainThread - meanshift - 拟合结果，线性函数
2019-08-30 09:16:49,749 - DEBUG - MainThread - meanshift - {u'LTE.734474.49': poly1d([ -0.28119758,  53.30255488]), u'LTE.734474.51': poly1d([  0.0694239 ,  15.30173414])}
2019-08-30 09:16:49,749 - DEBUG - MainThread - meanshift - 直线的交点(s)
2019-08-30 09:16:49,749 - DEBUG - MainThread - meanshift - []
2019-08-30 09:16:49,749 - DEBUG - MainThread - meanshift - 交点的重心点
2019-08-30 09:16:49,749 - DEBUG - MainThread - meanshift - []
2019-08-30 09:16:49,749 - DEBUG - MainThread - meanshift - 各自的方位角
2019-08-30 09:16:49,749 - DEBUG - MainThread - meanshift - {}
2019-08-30 09:16:49,749 - DEBUG - MainThread - meanshift - 各自的距离
2019-08-30 09:16:49,749 - DEBUG - MainThread - meanshift - []
2019-08-30 09:18:19,219 - DEBUG - MainThread - meanshift - 各个类别的密度中心
2019-08-30 09:18:19,219 - DEBUG - MainThread - meanshift - {u'LTE.734474.51': [108.37708247592116, 22.825693963285193]}
2019-08-30 09:18:19,219 - DEBUG - MainThread - meanshift - 拟合结果，线性函数
2019-08-30 09:18:19,219 - DEBUG - MainThread - meanshift - {u'LTE.734474.51': poly1d([  0.0694239 ,  15.30173414])}
2019-08-30 09:18:19,219 - DEBUG - MainThread - meanshift - 直线的交点(s)
2019-08-30 09:18:19,219 - DEBUG - MainThread - meanshift - []
2019-08-30 09:18:19,219 - DEBUG - MainThread - meanshift - 交点的重心点
2019-08-30 09:18:19,219 - DEBUG - MainThread - meanshift - []
2019-08-30 09:18:19,219 - DEBUG - MainThread - meanshift - 各自的方位角
2019-08-30 09:18:19,219 - DEBUG - MainThread - meanshift - {}
2019-08-30 09:18:19,219 - DEBUG - MainThread - meanshift - 各自的距离
2019-08-30 09:18:19,219 - DEBUG - MainThread - meanshift - []
2019-08-30 09:19:22,756 - DEBUG - MainThread - meanshift - 各个类别的密度中心
2019-08-30 09:19:22,756 - DEBUG - MainThread - meanshift - {u'LTE.734474.50': [108.37971858151217, 22.824685640896487]}
2019-08-30 09:19:22,756 - DEBUG - MainThread - meanshift - 拟合结果，线性函数
2019-08-30 09:19:22,756 - DEBUG - MainThread - meanshift - {u'LTE.734474.50': poly1d([ 0.12472327,  9.30721292])}
2019-08-30 09:19:22,756 - DEBUG - MainThread - meanshift - 直线的交点(s)
2019-08-30 09:19:22,756 - DEBUG - MainThread - meanshift - []
2019-08-30 09:19:22,756 - DEBUG - MainThread - meanshift - 交点的重心点
2019-08-30 09:19:22,756 - DEBUG - MainThread - meanshift - []
2019-08-30 09:19:22,756 - DEBUG - MainThread - meanshift - 各自的方位角
2019-08-30 09:19:22,756 - DEBUG - MainThread - meanshift - {}
2019-08-30 09:19:22,756 - DEBUG - MainThread - meanshift - 各自的距离
2019-08-30 09:19:22,756 - DEBUG - MainThread - meanshift - []
2019-08-30 09:19:31,622 - DEBUG - MainThread - meanshift - 各个类别的密度中心
2019-08-30 09:19:31,622 - DEBUG - MainThread - meanshift - {u'LTE.734474.50': [108.37971858151217, 22.824685640896487]}
2019-08-30 09:19:31,622 - DEBUG - MainThread - meanshift - 拟合结果，线性函数
2019-08-30 09:19:31,622 - DEBUG - MainThread - meanshift - {u'LTE.734474.50': poly1d([ 0.12472327,  9.30721292])}
2019-08-30 09:19:31,622 - DEBUG - MainThread - meanshift - 直线的交点(s)
2019-08-30 09:19:31,622 - DEBUG - MainThread - meanshift - []
2019-08-30 09:19:31,622 - DEBUG - MainThread - meanshift - 交点的重心点
2019-08-30 09:19:31,622 - DEBUG - MainThread - meanshift - []
2019-08-30 09:19:31,622 - DEBUG - MainThread - meanshift - 各自的方位角
2019-08-30 09:19:31,622 - DEBUG - MainThread - meanshift - {}
2019-08-30 09:19:31,622 - DEBUG - MainThread - meanshift - 各自的距离
2019-08-30 09:19:31,622 - DEBUG - MainThread - meanshift - []
2019-08-30 09:20:27,019 - DEBUG - MainThread - meanshift - 各个类别的密度中心
2019-08-30 09:20:27,019 - DEBUG - MainThread - meanshift - {u'LTE.734474.51': [108.37708247592116, 22.825693963285193]}
2019-08-30 09:20:27,019 - DEBUG - MainThread - meanshift - 拟合结果，线性函数
2019-08-30 09:20:27,019 - DEBUG - MainThread - meanshift - {u'LTE.734474.51': poly1d([  0.0694239 ,  15.30173414])}
2019-08-30 09:20:27,020 - DEBUG - MainThread - meanshift - 直线的交点(s)
2019-08-30 09:20:27,020 - DEBUG - MainThread - meanshift - []
2019-08-30 09:20:27,020 - DEBUG - MainThread - meanshift - 交点的重心点
2019-08-30 09:20:27,020 - DEBUG - MainThread - meanshift - []
2019-08-30 09:20:27,020 - DEBUG - MainThread - meanshift - 各自的方位角
2019-08-30 09:20:27,020 - DEBUG - MainThread - meanshift - {}
2019-08-30 09:20:27,020 - DEBUG - MainThread - meanshift - 各自的距离
2019-08-30 09:20:27,020 - DEBUG - MainThread - meanshift - []
2019-08-30 09:23:45,992 - DEBUG - MainThread - meanshift - 各个类别的密度中心
2019-08-30 09:23:45,993 - DEBUG - MainThread - meanshift - {u'LTE.734474.49': [108.37928243386, 22.826562382183123]}
2019-08-30 09:23:45,993 - DEBUG - MainThread - meanshift - 拟合结果，线性函数
2019-08-30 09:23:45,993 - DEBUG - MainThread - meanshift - {u'LTE.734474.49': poly1d([ -0.28119758,  53.30255488])}
2019-08-30 09:23:45,993 - DEBUG - MainThread - meanshift - 直线的交点(s)
2019-08-30 09:23:45,993 - DEBUG - MainThread - meanshift - []
2019-08-30 09:23:45,993 - DEBUG - MainThread - meanshift - 交点的重心点
2019-08-30 09:23:45,993 - DEBUG - MainThread - meanshift - []
2019-08-30 09:23:45,993 - DEBUG - MainThread - meanshift - 各自的方位角
2019-08-30 09:23:45,993 - DEBUG - MainThread - meanshift - {}
2019-08-30 09:23:45,993 - DEBUG - MainThread - meanshift - 各自的距离
2019-08-30 09:23:45,993 - DEBUG - MainThread - meanshift - []
2019-08-30 09:23:58,117 - DEBUG - MainThread - meanshift - 各个类别的密度中心
2019-08-30 09:23:58,117 - DEBUG - MainThread - meanshift - {u'LTE.734474.49': [108.37928243386, 22.826562382183123]}
2019-08-30 09:23:58,117 - DEBUG - MainThread - meanshift - 拟合结果，线性函数
2019-08-30 09:23:58,117 - DEBUG - MainThread - meanshift - {u'LTE.734474.49': poly1d([ -0.28119758,  53.30255488])}
2019-08-30 09:23:58,117 - DEBUG - MainThread - meanshift - 直线的交点(s)
2019-08-30 09:23:58,117 - DEBUG - MainThread - meanshift - []
2019-08-30 09:23:58,117 - DEBUG - MainThread - meanshift - 交点的重心点
2019-08-30 09:23:58,117 - DEBUG - MainThread - meanshift - []
2019-08-30 09:23:58,118 - DEBUG - MainThread - meanshift - 各自的方位角
2019-08-30 09:23:58,118 - DEBUG - MainThread - meanshift - {}
2019-08-30 09:23:58,118 - DEBUG - MainThread - meanshift - 各自的距离
2019-08-30 09:23:58,118 - DEBUG - MainThread - meanshift - []
